2016-03-07 03:42:23 [127.0.0.1][-][8c3u4lid5mhkp4avh8vmog1p17][error][yii\base\ErrorException:8] exception 'yii\base\ErrorException' with message 'Array to string conversion' in /home/planet17/HS/yii2-template/home/apps/sam-dark/minimal/models/User.php:89
Stack trace:
#0 /home/planet17/HS/yii2-template/home/apps/sam-dark/minimal/models/User.php(89): yii\base\ErrorHandler->handleError(8, 'Array to string...', '/home/planet17/...', 89, Array)
#1 /home/planet17/HS/yii2-template/home/yii2/vendor/yiisoft/yii2/web/User.php(302): samDark\minimal\models\User->validateAuthKey('test100key')
#2 /home/planet17/HS/yii2-template/home/yii2/vendor/yiisoft/yii2/web/User.php(631): yii\web\User->loginByCookie()
#3 /home/planet17/HS/yii2-template/home/yii2/vendor/yiisoft/yii2/web/User.php(176): yii\web\User->renewAuthStatus()
#4 /home/planet17/HS/yii2-template/home/yii2/vendor/yiisoft/yii2/web/User.php(346): yii\web\User->getIdentity()
#5 /home/planet17/HS/yii2-template/home/yii2/vendor/yiisoft/yii2/base/Component.php(130): yii\web\User->getIsGuest()
#6 /home/planet17/HS/yii2-template/home/apps/sam-dark/minimal/views/layouts/main.php(32): yii\base\Component->__get('isGuest')
#7 /home/planet17/HS/yii2-template/home/yii2/vendor/yiisoft/yii2/base/View.php(325): require('/home/planet17/...')
#8 /home/planet17/HS/yii2-template/home/yii2/vendor/yiisoft/yii2/base/View.php(247): yii\base\View->renderPhpFile('/home/planet17/...', Array)
#9 /home/planet17/HS/yii2-template/home/yii2/vendor/yiisoft/yii2/base/Controller.php(392): yii\base\View->renderFile('/home/planet17/...', Array, Object(samDark\minimal\controllers\SiteController))
#10 /home/planet17/HS/yii2-template/home/yii2/vendor/yiisoft/yii2/base/Controller.php(378): yii\base\Controller->renderContent('<div class="sit...')
#11 /home/planet17/HS/yii2-template/home/apps/sam-dark/minimal/controllers/SiteController.php(50): yii\base\Controller->render('index')
#12 [internal function]: samDark\minimal\controllers\SiteController->actionIndex()
#13 /home/planet17/HS/yii2-template/home/yii2/vendor/yiisoft/yii2/base/InlineAction.php(55): call_user_func_array(Array, Array)
#14 /home/planet17/HS/yii2-template/home/yii2/vendor/yiisoft/yii2/base/Controller.php(154): yii\base\InlineAction->runWithParams(Array)
#15 /home/planet17/HS/yii2-template/home/yii2/vendor/yiisoft/yii2/base/Module.php(454): yii\base\Controller->runAction('', Array)
#16 /home/planet17/HS/yii2-template/home/yii2/vendor/yiisoft/yii2/web/Application.php(84): yii\base\Module->runAction('', Array)
#17 /home/planet17/HS/yii2-template/home/yii2/vendor/yiisoft/yii2/base/Application.php(375): yii\web\Application->handleRequest(Object(yii\web\Request))
#18 /home/planet17/HS/yii2-template/www/demo/dark-minimal/index.php(10): yii\base\Application->run()
#19 {main}
2016-03-07 03:42:23 [127.0.0.1][-][8c3u4lid5mhkp4avh8vmog1p17][info][application] $_COOKIE = [
    'PHPSESSID' => '8c3u4lid5mhkp4avh8vmog1p17'
    '_identity' => '13f5ae9ee8ce9992ef54a0e781962dcbb197f9c0e7ecaa0916805c03723885a3a:2:{i:0;s:9:\"_identity\";i:1;s:28:\"[\"100\",\"test100key\",2592000]\";}'
    '_csrf' => 'b0d49f3cfb1f6e602a05ad779764879d1ef581594d88014a71ad47b631ef70c8a:2:{i:0;s:5:\"_csrf\";i:1;s:32:\"9Obr4nwm8Rh9nHE65nyJMd_xabh7Yhxr\";}'
]

$_SESSION = [
    '__flash' => []
]

$_SERVER = [
    'HTTP_HOST' => 'yii2.my-template.pl17'
    'HTTP_CONNECTION' => 'keep-alive'
    'HTTP_CACHE_CONTROL' => 'max-age=0'
    'HTTP_ACCEPT' => 'text/html,application/xhtml+xml,application/xml;q=0.9,image/webp,*/*;q=0.8'
    'HTTP_UPGRADE_INSECURE_REQUESTS' => '1'
    'HTTP_USER_AGENT' => 'Mozilla/5.0 (X11; Linux x86_64) AppleWebKit/537.36 (KHTML, like Gecko) Chrome/49.0.2623.75 Safari/537.36'
    'HTTP_REFERER' => 'http://yii2.my-template.pl17/demo/'
    'HTTP_ACCEPT_ENCODING' => 'gzip, deflate, sdch'
    'HTTP_ACCEPT_LANGUAGE' => 'ru-RU,ru;q=0.8,en-US;q=0.6,en;q=0.4,sr;q=0.2'
    'HTTP_COOKIE' => 'PHPSESSID=8c3u4lid5mhkp4avh8vmog1p17; _identity=13f5ae9ee8ce9992ef54a0e781962dcbb197f9c0e7ecaa0916805c03723885a3a%3A2%3A%7Bi%3A0%3Bs%3A9%3A%22_identity%22%3Bi%3A1%3Bs%3A28%3A%22%5B%22100%22%2C%22test100key%22%2C2592000%5D%22%3B%7D; _csrf=b0d49f3cfb1f6e602a05ad779764879d1ef581594d88014a71ad47b631ef70c8a%3A2%3A%7Bi%3A0%3Bs%3A5%3A%22_csrf%22%3Bi%3A1%3Bs%3A32%3A%229Obr4nwm8Rh9nHE65nyJMd_xabh7Yhxr%22%3B%7D'
    'PATH' => '/usr/local/sbin:/usr/local/bin:/usr/sbin:/usr/bin:/sbin:/bin'
    'SERVER_SIGNATURE' => '<address>Apache/2.4.18 (Ubuntu) Server at yii2.my-template.pl17 Port 80</address>
'
    'SERVER_SOFTWARE' => 'Apache/2.4.18 (Ubuntu)'
    'SERVER_NAME' => 'yii2.my-template.pl17'
    'SERVER_ADDR' => '127.0.0.128'
    'SERVER_PORT' => '80'
    'REMOTE_ADDR' => '127.0.0.1'
    'DOCUMENT_ROOT' => '/home/planet17/HS/yii2-template/www'
    'REQUEST_SCHEME' => 'http'
    'CONTEXT_PREFIX' => ''
    'CONTEXT_DOCUMENT_ROOT' => '/home/planet17/HS/yii2-template/www'
    'SERVER_ADMIN' => '[no address given]'
    'SCRIPT_FILENAME' => '/home/planet17/HS/yii2-template/www/demo/dark-minimal/index.php'
    'REMOTE_PORT' => '38761'
    'GATEWAY_INTERFACE' => 'CGI/1.1'
    'SERVER_PROTOCOL' => 'HTTP/1.1'
    'REQUEST_METHOD' => 'GET'
    'QUERY_STRING' => ''
    'REQUEST_URI' => '/demo/dark-minimal/'
    'SCRIPT_NAME' => '/demo/dark-minimal/index.php'
    'PHP_SELF' => '/demo/dark-minimal/index.php'
    'REQUEST_TIME_FLOAT' => 1457314943.561
    'REQUEST_TIME' => 1457314943
]
